<?xml version="1.0" encoding="UTF-8"?>
<testsuite name="DbManagerTestSuite" tests="1" skipped="0" failures="0" errors="0" timestamp="2020-09-16T15:51:36" hostname="DESKTOP-VUOAR0M" time="0.261">
  <properties/>
  <testcase name="testConnect" classname="DbManagerTestSuite" time="0.261"/>
  <system-out><![CDATA[]]></system-out>
  <system-err><![CDATA[]]></system-err>
</testsuite>
