<?xml version="1.0" encoding="UTF-8"?>
<testsuite name="DbManagerTestSuite" tests="1" skipped="0" failures="0" errors="0" timestamp="2020-09-16T19:46:57" hostname="DESKTOP-VUOAR0M" time="0.179">
  <properties/>
  <testcase name="testSelectUsersAndPosts" classname="DbManagerTestSuite" time="0.179"/>
  <system-out><![CDATA[John, Smith
]]></system-out>
  <system-err><![CDATA[]]></system-err>
</testsuite>
